  Zombie.cpp
D:\others\game progg\proj\Zombie\zombie game\zombie game\Zombie.cpp(20,44): warning C4244: '=': conversion from 'unsigned int' to 'T', possible loss of data
D:\others\game progg\proj\Zombie\zombie game\zombie game\Zombie.cpp(20,44): warning C4244:         with
D:\others\game progg\proj\Zombie\zombie game\zombie game\Zombie.cpp(20,44): warning C4244:         [
D:\others\game progg\proj\Zombie\zombie game\zombie game\Zombie.cpp(20,44): warning C4244:             T=float
D:\others\game progg\proj\Zombie\zombie game\zombie game\Zombie.cpp(20,44): warning C4244:         ]
D:\others\game progg\proj\Zombie\zombie game\zombie game\Zombie.cpp(21,44): warning C4244: '=': conversion from 'unsigned int' to 'T', possible loss of data
D:\others\game progg\proj\Zombie\zombie game\zombie game\Zombie.cpp(21,44): warning C4244:         with
D:\others\game progg\proj\Zombie\zombie game\zombie game\Zombie.cpp(21,44): warning C4244:         [
D:\others\game progg\proj\Zombie\zombie game\zombie game\Zombie.cpp(21,44): warning C4244:             T=float
D:\others\game progg\proj\Zombie\zombie game\zombie game\Zombie.cpp(21,44): warning C4244:         ]
D:\others\game progg\proj\Zombie\zombie game\zombie game\Zombie.cpp(23,56): warning C4244: 'argument': conversion from 'T' to 'unsigned int', possible loss of data
D:\others\game progg\proj\Zombie\zombie game\zombie game\Zombie.cpp(23,56): warning C4244:         with
D:\others\game progg\proj\Zombie\zombie game\zombie game\Zombie.cpp(23,56): warning C4244:         [
D:\others\game progg\proj\Zombie\zombie game\zombie game\Zombie.cpp(23,56): warning C4244:             T=float
D:\others\game progg\proj\Zombie\zombie game\zombie game\Zombie.cpp(23,56): warning C4244:         ]
D:\others\game progg\proj\Zombie\zombie game\zombie game\Zombie.cpp(23,42): warning C4244: 'argument': conversion from 'T' to 'unsigned int', possible loss of data
D:\others\game progg\proj\Zombie\zombie game\zombie game\Zombie.cpp(23,42): warning C4244:         with
D:\others\game progg\proj\Zombie\zombie game\zombie game\Zombie.cpp(23,42): warning C4244:         [
D:\others\game progg\proj\Zombie\zombie game\zombie game\Zombie.cpp(23,42): warning C4244:             T=float
D:\others\game progg\proj\Zombie\zombie game\zombie game\Zombie.cpp(23,42): warning C4244:         ]
  zombie game.vcxproj -> D:\others\game progg\proj\Zombie\zombie game\Debug\zombie game.exe
